<?xml version="1.0" encoding="UTF-8"?>
<!-- Generated by org.testng.reporters.JUnitReportReporter -->
<testsuite hostname="DESKTOP-6RISBAA" failures="0" tests="2" name="frameworkdesign.test.MainTest" time="35.312" errors="0" timestamp="2025-07-08T13:22:39 BST" skipped="0">
  <testcase classname="frameworkdesign.test.MainTest" name="submitOrder" time="19.069"/>
  <testcase classname="frameworkdesign.test.MainTest" name="submitOrder" time="16.243"/>
</testsuite> <!-- frameworkdesign.test.MainTest -->
